Starting ChromeDriver 139.0.7258.66 (a62d329947691f76c376a873eae39f56381103c8-refs/branch-heads/7258@{#2226}) on port 57478
Only local connections are allowed.
Please see https://chromedriver.chromium.org/security-considerations for suggestions on keeping ChromeDriver safe.
ChromeDriver was started successfully on port 57478.
[1754947731.712][WARNING]: Deprecated chrome option is ignored: useAutomationExtension
[1754947731.712][WARNING]: Deprecated chrome option is ignored: useAutomationExtension
[1754947732.563][WARNING]: Deprecated chrome option is ignored: useAutomationExtension
[1754947732.563][WARNING]: Deprecated chrome option is ignored: useAutomationExtension
Starting ChromeDriver 139.0.7258.66 (a62d329947691f76c376a873eae39f56381103c8-refs/branch-heads/7258@{#2226}) on port 57527
Only local connections are allowed.
Please see https://chromedriver.chromium.org/security-considerations for suggestions on keeping ChromeDriver safe.
ChromeDriver was started successfully on port 57527.
[1754947780.540][WARNING]: Deprecated chrome option is ignored: useAutomationExtension
[1754947780.540][WARNING]: Deprecated chrome option is ignored: useAutomationExtension
[1754947781.271][WARNING]: Deprecated chrome option is ignored: useAutomationExtension
[1754947781.271][WARNING]: Deprecated chrome option is ignored: useAutomationExtension
Starting ChromeDriver 139.0.7258.66 (a62d329947691f76c376a873eae39f56381103c8-refs/branch-heads/7258@{#2226}) on port 49363
Only local connections are allowed.
Please see https://chromedriver.chromium.org/security-considerations for suggestions on keeping ChromeDriver safe.
ChromeDriver was started successfully on port 49363.
[1754948999.198][WARNING]: Deprecated chrome option is ignored: useAutomationExtension
[1754948999.198][WARNING]: Deprecated chrome option is ignored: useAutomationExtension
[1754949000.023][WARNING]: Deprecated chrome option is ignored: useAutomationExtension
[1754949000.023][WARNING]: Deprecated chrome option is ignored: useAutomationExtension
Starting ChromeDriver 139.0.7258.66 (a62d329947691f76c376a873eae39f56381103c8-refs/branch-heads/7258@{#2226}) on port 65046
Only local connections are allowed.
Please see https://chromedriver.chromium.org/security-considerations for suggestions on keeping ChromeDriver safe.
ChromeDriver was started successfully on port 65046.
[1754949049.955][WARNING]: Deprecated chrome option is ignored: useAutomationExtension
[1754949049.955][WARNING]: Deprecated chrome option is ignored: useAutomationExtension
[1754949050.736][WARNING]: Deprecated chrome option is ignored: useAutomationExtension
[1754949050.736][WARNING]: Deprecated chrome option is ignored: useAutomationExtension
Starting ChromeDriver 139.0.7258.66 (a62d329947691f76c376a873eae39f56381103c8-refs/branch-heads/7258@{#2226}) on port 51692
Only local connections are allowed.
Please see https://chromedriver.chromium.org/security-considerations for suggestions on keeping ChromeDriver safe.
ChromeDriver was started successfully on port 51692.
[1754949191.808][WARNING]: Deprecated chrome option is ignored: useAutomationExtension
[1754949191.808][WARNING]: Deprecated chrome option is ignored: useAutomationExtension
[1754949192.582][WARNING]: Deprecated chrome option is ignored: useAutomationExtension
[1754949192.582][WARNING]: Deprecated chrome option is ignored: useAutomationExtension
Starting ChromeDriver 139.0.7258.66 (a62d329947691f76c376a873eae39f56381103c8-refs/branch-heads/7258@{#2226}) on port 51989
Only local connections are allowed.
Please see https://chromedriver.chromium.org/security-considerations for suggestions on keeping ChromeDriver safe.
ChromeDriver was started successfully on port 51989.
[1754949240.760][WARNING]: Deprecated chrome option is ignored: useAutomationExtension
[1754949240.760][WARNING]: Deprecated chrome option is ignored: useAutomationExtension
[1754949241.623][WARNING]: Deprecated chrome option is ignored: useAutomationExtension
[1754949241.623][WARNING]: Deprecated chrome option is ignored: useAutomationExtension
