Starting ChromeDriver 138.0.7204.183 (e90faf484ddbc033fc9bf337621761d3dd5c5289-refs/branch-heads/7204@{#2435}) on port 50145
Only local connections are allowed.
Please see https://chromedriver.chromium.org/security-considerations for suggestions on keeping ChromeDriver safe.
ChromeDriver was started successfully on port 50145.
[1755002800.190][WARNING]: Deprecated chrome option is ignored: useAutomationExtension
[1755002800.190][WARNING]: Deprecated chrome option is ignored: useAutomationExtension
Starting ChromeDriver 138.0.7204.183 (e90faf484ddbc033fc9bf337621761d3dd5c5289-refs/branch-heads/7204@{#2435}) on port 50166
Only local connections are allowed.
Please see https://chromedriver.chromium.org/security-considerations for suggestions on keeping ChromeDriver safe.
ChromeDriver was started successfully on port 50166.
[1755002810.049][WARNING]: Deprecated chrome option is ignored: useAutomationExtension
[1755002810.049][WARNING]: Deprecated chrome option is ignored: useAutomationExtension
[1755002810.695][WARNING]: Deprecated chrome option is ignored: useAutomationExtension
[1755002810.695][WARNING]: Deprecated chrome option is ignored: useAutomationExtension
Starting ChromeDriver 138.0.7204.183 (e90faf484ddbc033fc9bf337621761d3dd5c5289-refs/branch-heads/7204@{#2435}) on port 50223
Only local connections are allowed.
Please see https://chromedriver.chromium.org/security-considerations for suggestions on keeping ChromeDriver safe.
ChromeDriver was started successfully on port 50223.
[1755002863.013][WARNING]: Deprecated chrome option is ignored: useAutomationExtension
[1755002863.013][WARNING]: Deprecated chrome option is ignored: useAutomationExtension
[1755002863.723][WARNING]: Deprecated chrome option is ignored: useAutomationExtension
[1755002863.723][WARNING]: Deprecated chrome option is ignored: useAutomationExtension
Starting ChromeDriver 138.0.7204.183 (e90faf484ddbc033fc9bf337621761d3dd5c5289-refs/branch-heads/7204@{#2435}) on port 50439
Only local connections are allowed.
Please see https://chromedriver.chromium.org/security-considerations for suggestions on keeping ChromeDriver safe.
ChromeDriver was started successfully on port 50439.
Starting ChromeDriver 138.0.7204.183 (e90faf484ddbc033fc9bf337621761d3dd5c5289-refs/branch-heads/7204@{#2435}) on port 50444
Only local connections are allowed.
Please see https://chromedriver.chromium.org/security-considerations for suggestions on keeping ChromeDriver safe.
ChromeDriver was started successfully on port 50444.
[1755003243.391][WARNING]: Deprecated chrome option is ignored: useAutomationExtension
[1755003243.391][WARNING]: Deprecated chrome option is ignored: useAutomationExtension
[1755003244.532][WARNING]: Deprecated chrome option is ignored: useAutomationExtension
[1755003244.532][WARNING]: Deprecated chrome option is ignored: useAutomationExtension
