Starting ChromeDriver 146.0.7680.72 (cb10bb07c0a5dac19a421f7cbfd002146e74aaed-refs/branch-heads/7680_65@{#24}) on port 61475
Only local connections are allowed.
Please see https://chromedriver.chromium.org/security-considerations for suggestions on keeping ChromeDriver safe.
ChromeDriver was started successfully on port 61475.
Starting ChromeDriver 146.0.7680.72 (cb10bb07c0a5dac19a421f7cbfd002146e74aaed-refs/branch-heads/7680_65@{#24}) on port 51223
Only local connections are allowed.
Please see https://chromedriver.chromium.org/security-considerations for suggestions on keeping ChromeDriver safe.
ChromeDriver was started successfully on port 51223.
Starting ChromeDriver 146.0.7680.72 (cb10bb07c0a5dac19a421f7cbfd002146e74aaed-refs/branch-heads/7680_65@{#24}) on port 64946
Only local connections are allowed.
Please see https://chromedriver.chromium.org/security-considerations for suggestions on keeping ChromeDriver safe.
ChromeDriver was started successfully on port 64946.
Starting ChromeDriver 146.0.7680.72 (cb10bb07c0a5dac19a421f7cbfd002146e74aaed-refs/branch-heads/7680_65@{#24}) on port 49976
Only local connections are allowed.
Please see https://chromedriver.chromium.org/security-considerations for suggestions on keeping ChromeDriver safe.
ChromeDriver was started successfully on port 49976.
Starting ChromeDriver 146.0.7680.72 (cb10bb07c0a5dac19a421f7cbfd002146e74aaed-refs/branch-heads/7680_65@{#24}) on port 63291
Only local connections are allowed.
Please see https://chromedriver.chromium.org/security-considerations for suggestions on keeping ChromeDriver safe.
ChromeDriver was started successfully on port 63291.
Starting ChromeDriver 146.0.7680.72 (cb10bb07c0a5dac19a421f7cbfd002146e74aaed-refs/branch-heads/7680_65@{#24}) on port 51223
Only local connections are allowed.
Please see https://chromedriver.chromium.org/security-considerations for suggestions on keeping ChromeDriver safe.
ChromeDriver was started successfully on port 51223.
Starting ChromeDriver 146.0.7680.72 (cb10bb07c0a5dac19a421f7cbfd002146e74aaed-refs/branch-heads/7680_65@{#24}) on port 63261
Only local connections are allowed.
Please see https://chromedriver.chromium.org/security-considerations for suggestions on keeping ChromeDriver safe.
ChromeDriver was started successfully on port 63261.
Starting ChromeDriver 146.0.7680.72 (cb10bb07c0a5dac19a421f7cbfd002146e74aaed-refs/branch-heads/7680_65@{#24}) on port 64006
Only local connections are allowed.
Please see https://chromedriver.chromium.org/security-considerations for suggestions on keeping ChromeDriver safe.
ChromeDriver was started successfully on port 64006.
Starting ChromeDriver 146.0.7680.72 (cb10bb07c0a5dac19a421f7cbfd002146e74aaed-refs/branch-heads/7680_65@{#24}) on port 50353
Only local connections are allowed.
Please see https://chromedriver.chromium.org/security-considerations for suggestions on keeping ChromeDriver safe.
ChromeDriver was started successfully on port 50353.
Starting ChromeDriver 146.0.7680.72 (cb10bb07c0a5dac19a421f7cbfd002146e74aaed-refs/branch-heads/7680_65@{#24}) on port 50630
Only local connections are allowed.
Please see https://chromedriver.chromium.org/security-considerations for suggestions on keeping ChromeDriver safe.
ChromeDriver was started successfully on port 50630.
Starting ChromeDriver 146.0.7680.72 (cb10bb07c0a5dac19a421f7cbfd002146e74aaed-refs/branch-heads/7680_65@{#24}) on port 58232
Only local connections are allowed.
Please see https://chromedriver.chromium.org/security-considerations for suggestions on keeping ChromeDriver safe.
ChromeDriver was started successfully on port 58232.
Starting ChromeDriver 146.0.7680.72 (cb10bb07c0a5dac19a421f7cbfd002146e74aaed-refs/branch-heads/7680_65@{#24}) on port 53952
Only local connections are allowed.
Please see https://chromedriver.chromium.org/security-considerations for suggestions on keeping ChromeDriver safe.
ChromeDriver was started successfully on port 53952.
Starting ChromeDriver 146.0.7680.72 (cb10bb07c0a5dac19a421f7cbfd002146e74aaed-refs/branch-heads/7680_65@{#24}) on port 57347
Only local connections are allowed.
Please see https://chromedriver.chromium.org/security-considerations for suggestions on keeping ChromeDriver safe.
ChromeDriver was started successfully on port 57347.
Starting ChromeDriver 146.0.7680.72 (cb10bb07c0a5dac19a421f7cbfd002146e74aaed-refs/branch-heads/7680_65@{#24}) on port 65038
Only local connections are allowed.
Please see https://chromedriver.chromium.org/security-considerations for suggestions on keeping ChromeDriver safe.
ChromeDriver was started successfully on port 65038.
Starting ChromeDriver 146.0.7680.72 (cb10bb07c0a5dac19a421f7cbfd002146e74aaed-refs/branch-heads/7680_65@{#24}) on port 57863
Only local connections are allowed.
Please see https://chromedriver.chromium.org/security-considerations for suggestions on keeping ChromeDriver safe.
ChromeDriver was started successfully on port 57863.
Starting ChromeDriver 146.0.7680.72 (cb10bb07c0a5dac19a421f7cbfd002146e74aaed-refs/branch-heads/7680_65@{#24}) on port 64739
Only local connections are allowed.
Please see https://chromedriver.chromium.org/security-considerations for suggestions on keeping ChromeDriver safe.
ChromeDriver was started successfully on port 64739.
Starting ChromeDriver 146.0.7680.72 (cb10bb07c0a5dac19a421f7cbfd002146e74aaed-refs/branch-heads/7680_65@{#24}) on port 62804
Only local connections are allowed.
Please see https://chromedriver.chromium.org/security-considerations for suggestions on keeping ChromeDriver safe.
ChromeDriver was started successfully on port 62804.
Starting ChromeDriver 146.0.7680.72 (cb10bb07c0a5dac19a421f7cbfd002146e74aaed-refs/branch-heads/7680_65@{#24}) on port 58696
Only local connections are allowed.
Please see https://chromedriver.chromium.org/security-considerations for suggestions on keeping ChromeDriver safe.
ChromeDriver was started successfully on port 58696.
Starting ChromeDriver 146.0.7680.72 (cb10bb07c0a5dac19a421f7cbfd002146e74aaed-refs/branch-heads/7680_65@{#24}) on port 53198
Only local connections are allowed.
Please see https://chromedriver.chromium.org/security-considerations for suggestions on keeping ChromeDriver safe.
ChromeDriver was started successfully on port 53198.
Starting ChromeDriver 146.0.7680.72 (cb10bb07c0a5dac19a421f7cbfd002146e74aaed-refs/branch-heads/7680_65@{#24}) on port 60994
Only local connections are allowed.
Please see https://chromedriver.chromium.org/security-considerations for suggestions on keeping ChromeDriver safe.
ChromeDriver was started successfully on port 60994.
Starting ChromeDriver 146.0.7680.72 (cb10bb07c0a5dac19a421f7cbfd002146e74aaed-refs/branch-heads/7680_65@{#24}) on port 63651
Only local connections are allowed.
Please see https://chromedriver.chromium.org/security-considerations for suggestions on keeping ChromeDriver safe.
ChromeDriver was started successfully on port 63651.
Starting ChromeDriver 146.0.7680.72 (cb10bb07c0a5dac19a421f7cbfd002146e74aaed-refs/branch-heads/7680_65@{#24}) on port 50368
Only local connections are allowed.
Please see https://chromedriver.chromium.org/security-considerations for suggestions on keeping ChromeDriver safe.
ChromeDriver was started successfully on port 50368.
Starting ChromeDriver 146.0.7680.72 (cb10bb07c0a5dac19a421f7cbfd002146e74aaed-refs/branch-heads/7680_65@{#24}) on port 54854
Only local connections are allowed.
Please see https://chromedriver.chromium.org/security-considerations for suggestions on keeping ChromeDriver safe.
ChromeDriver was started successfully on port 54854.
Starting ChromeDriver 146.0.7680.72 (cb10bb07c0a5dac19a421f7cbfd002146e74aaed-refs/branch-heads/7680_65@{#24}) on port 61315
Only local connections are allowed.
Please see https://chromedriver.chromium.org/security-considerations for suggestions on keeping ChromeDriver safe.
ChromeDriver was started successfully on port 61315.
Starting ChromeDriver 146.0.7680.72 (cb10bb07c0a5dac19a421f7cbfd002146e74aaed-refs/branch-heads/7680_65@{#24}) on port 61329
Only local connections are allowed.
Please see https://chromedriver.chromium.org/security-considerations for suggestions on keeping ChromeDriver safe.
ChromeDriver was started successfully on port 61329.
Starting ChromeDriver 146.0.7680.72 (cb10bb07c0a5dac19a421f7cbfd002146e74aaed-refs/branch-heads/7680_65@{#24}) on port 59125
Only local connections are allowed.
Please see https://chromedriver.chromium.org/security-considerations for suggestions on keeping ChromeDriver safe.
ChromeDriver was started successfully on port 59125.
Starting ChromeDriver 146.0.7680.72 (cb10bb07c0a5dac19a421f7cbfd002146e74aaed-refs/branch-heads/7680_65@{#24}) on port 56230
Only local connections are allowed.
Please see https://chromedriver.chromium.org/security-considerations for suggestions on keeping ChromeDriver safe.
ChromeDriver was started successfully on port 56230.
Starting ChromeDriver 146.0.7680.72 (cb10bb07c0a5dac19a421f7cbfd002146e74aaed-refs/branch-heads/7680_65@{#24}) on port 53473
Only local connections are allowed.
Please see https://chromedriver.chromium.org/security-considerations for suggestions on keeping ChromeDriver safe.
ChromeDriver was started successfully on port 53473.
Starting ChromeDriver 146.0.7680.72 (cb10bb07c0a5dac19a421f7cbfd002146e74aaed-refs/branch-heads/7680_65@{#24}) on port 64055
Only local connections are allowed.
Please see https://chromedriver.chromium.org/security-considerations for suggestions on keeping ChromeDriver safe.
ChromeDriver was started successfully on port 64055.
Starting ChromeDriver 146.0.7680.72 (cb10bb07c0a5dac19a421f7cbfd002146e74aaed-refs/branch-heads/7680_65@{#24}) on port 51883
Only local connections are allowed.
Please see https://chromedriver.chromium.org/security-considerations for suggestions on keeping ChromeDriver safe.
ChromeDriver was started successfully on port 51883.
Starting ChromeDriver 146.0.7680.72 (cb10bb07c0a5dac19a421f7cbfd002146e74aaed-refs/branch-heads/7680_65@{#24}) on port 56445
Only local connections are allowed.
Please see https://chromedriver.chromium.org/security-considerations for suggestions on keeping ChromeDriver safe.
ChromeDriver was started successfully on port 56445.
Starting ChromeDriver 146.0.7680.72 (cb10bb07c0a5dac19a421f7cbfd002146e74aaed-refs/branch-heads/7680_65@{#24}) on port 49811
Only local connections are allowed.
Please see https://chromedriver.chromium.org/security-considerations for suggestions on keeping ChromeDriver safe.
ChromeDriver was started successfully on port 49811.
Starting ChromeDriver 146.0.7680.72 (cb10bb07c0a5dac19a421f7cbfd002146e74aaed-refs/branch-heads/7680_65@{#24}) on port 58691
Only local connections are allowed.
Please see https://chromedriver.chromium.org/security-considerations for suggestions on keeping ChromeDriver safe.
ChromeDriver was started successfully on port 58691.
Starting ChromeDriver 146.0.7680.72 (cb10bb07c0a5dac19a421f7cbfd002146e74aaed-refs/branch-heads/7680_65@{#24}) on port 53189
Only local connections are allowed.
Please see https://chromedriver.chromium.org/security-considerations for suggestions on keeping ChromeDriver safe.
ChromeDriver was started successfully on port 53189.
Starting ChromeDriver 146.0.7680.72 (cb10bb07c0a5dac19a421f7cbfd002146e74aaed-refs/branch-heads/7680_65@{#24}) on port 64347
Only local connections are allowed.
Please see https://chromedriver.chromium.org/security-considerations for suggestions on keeping ChromeDriver safe.
ChromeDriver was started successfully on port 64347.
Starting ChromeDriver 146.0.7680.72 (cb10bb07c0a5dac19a421f7cbfd002146e74aaed-refs/branch-heads/7680_65@{#24}) on port 59868
Only local connections are allowed.
Please see https://chromedriver.chromium.org/security-considerations for suggestions on keeping ChromeDriver safe.
ChromeDriver was started successfully on port 59868.
Starting ChromeDriver 146.0.7680.72 (cb10bb07c0a5dac19a421f7cbfd002146e74aaed-refs/branch-heads/7680_65@{#24}) on port 62131
Only local connections are allowed.
Please see https://chromedriver.chromium.org/security-considerations for suggestions on keeping ChromeDriver safe.
ChromeDriver was started successfully on port 62131.
Starting ChromeDriver 146.0.7680.72 (cb10bb07c0a5dac19a421f7cbfd002146e74aaed-refs/branch-heads/7680_65@{#24}) on port 57141
Only local connections are allowed.
Please see https://chromedriver.chromium.org/security-considerations for suggestions on keeping ChromeDriver safe.
ChromeDriver was started successfully on port 57141.
Starting ChromeDriver 146.0.7680.72 (cb10bb07c0a5dac19a421f7cbfd002146e74aaed-refs/branch-heads/7680_65@{#24}) on port 65120
Only local connections are allowed.
Please see https://chromedriver.chromium.org/security-considerations for suggestions on keeping ChromeDriver safe.
ChromeDriver was started successfully on port 65120.
Starting ChromeDriver 146.0.7680.72 (cb10bb07c0a5dac19a421f7cbfd002146e74aaed-refs/branch-heads/7680_65@{#24}) on port 51752
Only local connections are allowed.
Please see https://chromedriver.chromium.org/security-considerations for suggestions on keeping ChromeDriver safe.
ChromeDriver was started successfully on port 51752.
Starting ChromeDriver 146.0.7680.72 (cb10bb07c0a5dac19a421f7cbfd002146e74aaed-refs/branch-heads/7680_65@{#24}) on port 55151
Only local connections are allowed.
Please see https://chromedriver.chromium.org/security-considerations for suggestions on keeping ChromeDriver safe.
ChromeDriver was started successfully on port 55151.
Starting ChromeDriver 146.0.7680.72 (cb10bb07c0a5dac19a421f7cbfd002146e74aaed-refs/branch-heads/7680_65@{#24}) on port 63370
Only local connections are allowed.
Please see https://chromedriver.chromium.org/security-considerations for suggestions on keeping ChromeDriver safe.
ChromeDriver was started successfully on port 63370.
Starting ChromeDriver 146.0.7680.72 (cb10bb07c0a5dac19a421f7cbfd002146e74aaed-refs/branch-heads/7680_65@{#24}) on port 61818
Only local connections are allowed.
Please see https://chromedriver.chromium.org/security-considerations for suggestions on keeping ChromeDriver safe.
ChromeDriver was started successfully on port 61818.
Starting ChromeDriver 146.0.7680.72 (cb10bb07c0a5dac19a421f7cbfd002146e74aaed-refs/branch-heads/7680_65@{#24}) on port 62587
Only local connections are allowed.
Please see https://chromedriver.chromium.org/security-considerations for suggestions on keeping ChromeDriver safe.
ChromeDriver was started successfully on port 62587.
Starting ChromeDriver 146.0.7680.72 (cb10bb07c0a5dac19a421f7cbfd002146e74aaed-refs/branch-heads/7680_65@{#24}) on port 51501
Only local connections are allowed.
Please see https://chromedriver.chromium.org/security-considerations for suggestions on keeping ChromeDriver safe.
ChromeDriver was started successfully on port 51501.
Starting ChromeDriver 146.0.7680.72 (cb10bb07c0a5dac19a421f7cbfd002146e74aaed-refs/branch-heads/7680_65@{#24}) on port 61217
Only local connections are allowed.
Please see https://chromedriver.chromium.org/security-considerations for suggestions on keeping ChromeDriver safe.
ChromeDriver was started successfully on port 61217.
Starting ChromeDriver 146.0.7680.72 (cb10bb07c0a5dac19a421f7cbfd002146e74aaed-refs/branch-heads/7680_65@{#24}) on port 56127
Only local connections are allowed.
Please see https://chromedriver.chromium.org/security-considerations for suggestions on keeping ChromeDriver safe.
ChromeDriver was started successfully on port 56127.
Starting ChromeDriver 146.0.7680.72 (cb10bb07c0a5dac19a421f7cbfd002146e74aaed-refs/branch-heads/7680_65@{#24}) on port 57189
Only local connections are allowed.
Please see https://chromedriver.chromium.org/security-considerations for suggestions on keeping ChromeDriver safe.
ChromeDriver was started successfully on port 57189.
Starting ChromeDriver 146.0.7680.72 (cb10bb07c0a5dac19a421f7cbfd002146e74aaed-refs/branch-heads/7680_65@{#24}) on port 49977
Only local connections are allowed.
Please see https://chromedriver.chromium.org/security-considerations for suggestions on keeping ChromeDriver safe.
ChromeDriver was started successfully on port 49977.
Starting ChromeDriver 146.0.7680.72 (cb10bb07c0a5dac19a421f7cbfd002146e74aaed-refs/branch-heads/7680_65@{#24}) on port 50163
Only local connections are allowed.
Please see https://chromedriver.chromium.org/security-considerations for suggestions on keeping ChromeDriver safe.
ChromeDriver was started successfully on port 50163.
Starting ChromeDriver 146.0.7680.72 (cb10bb07c0a5dac19a421f7cbfd002146e74aaed-refs/branch-heads/7680_65@{#24}) on port 49313
Only local connections are allowed.
Please see https://chromedriver.chromium.org/security-considerations for suggestions on keeping ChromeDriver safe.
ChromeDriver was started successfully on port 49313.
Starting ChromeDriver 146.0.7680.72 (cb10bb07c0a5dac19a421f7cbfd002146e74aaed-refs/branch-heads/7680_65@{#24}) on port 63671
Only local connections are allowed.
Please see https://chromedriver.chromium.org/security-considerations for suggestions on keeping ChromeDriver safe.
ChromeDriver was started successfully on port 63671.
Starting ChromeDriver 146.0.7680.72 (cb10bb07c0a5dac19a421f7cbfd002146e74aaed-refs/branch-heads/7680_65@{#24}) on port 52247
Only local connections are allowed.
Please see https://chromedriver.chromium.org/security-considerations for suggestions on keeping ChromeDriver safe.
ChromeDriver was started successfully on port 52247.
Starting ChromeDriver 146.0.7680.72 (cb10bb07c0a5dac19a421f7cbfd002146e74aaed-refs/branch-heads/7680_65@{#24}) on port 57962
Only local connections are allowed.
Please see https://chromedriver.chromium.org/security-considerations for suggestions on keeping ChromeDriver safe.
ChromeDriver was started successfully on port 57962.
Starting ChromeDriver 146.0.7680.72 (cb10bb07c0a5dac19a421f7cbfd002146e74aaed-refs/branch-heads/7680_65@{#24}) on port 54582
Only local connections are allowed.
Please see https://chromedriver.chromium.org/security-considerations for suggestions on keeping ChromeDriver safe.
ChromeDriver was started successfully on port 54582.
Starting ChromeDriver 146.0.7680.72 (cb10bb07c0a5dac19a421f7cbfd002146e74aaed-refs/branch-heads/7680_65@{#24}) on port 64617
Only local connections are allowed.
Please see https://chromedriver.chromium.org/security-considerations for suggestions on keeping ChromeDriver safe.
ChromeDriver was started successfully on port 64617.
Starting ChromeDriver 146.0.7680.72 (cb10bb07c0a5dac19a421f7cbfd002146e74aaed-refs/branch-heads/7680_65@{#24}) on port 58429
Only local connections are allowed.
Please see https://chromedriver.chromium.org/security-considerations for suggestions on keeping ChromeDriver safe.
ChromeDriver was started successfully on port 58429.
Starting ChromeDriver 146.0.7680.72 (cb10bb07c0a5dac19a421f7cbfd002146e74aaed-refs/branch-heads/7680_65@{#24}) on port 57034
Only local connections are allowed.
Please see https://chromedriver.chromium.org/security-considerations for suggestions on keeping ChromeDriver safe.
ChromeDriver was started successfully on port 57034.
Starting ChromeDriver 146.0.7680.72 (cb10bb07c0a5dac19a421f7cbfd002146e74aaed-refs/branch-heads/7680_65@{#24}) on port 50165
Only local connections are allowed.
Please see https://chromedriver.chromium.org/security-considerations for suggestions on keeping ChromeDriver safe.
ChromeDriver was started successfully on port 50165.
Starting ChromeDriver 146.0.7680.72 (cb10bb07c0a5dac19a421f7cbfd002146e74aaed-refs/branch-heads/7680_65@{#24}) on port 59878
Only local connections are allowed.
Please see https://chromedriver.chromium.org/security-considerations for suggestions on keeping ChromeDriver safe.
ChromeDriver was started successfully on port 59878.
Starting ChromeDriver 146.0.7680.72 (cb10bb07c0a5dac19a421f7cbfd002146e74aaed-refs/branch-heads/7680_65@{#24}) on port 61086
Only local connections are allowed.
Please see https://chromedriver.chromium.org/security-considerations for suggestions on keeping ChromeDriver safe.
ChromeDriver was started successfully on port 61086.
Starting ChromeDriver 146.0.7680.72 (cb10bb07c0a5dac19a421f7cbfd002146e74aaed-refs/branch-heads/7680_65@{#24}) on port 49930
Only local connections are allowed.
Please see https://chromedriver.chromium.org/security-considerations for suggestions on keeping ChromeDriver safe.
ChromeDriver was started successfully on port 49930.
Starting ChromeDriver 146.0.7680.72 (cb10bb07c0a5dac19a421f7cbfd002146e74aaed-refs/branch-heads/7680_65@{#24}) on port 50483
Only local connections are allowed.
Please see https://chromedriver.chromium.org/security-considerations for suggestions on keeping ChromeDriver safe.
ChromeDriver was started successfully on port 50483.
Starting ChromeDriver 146.0.7680.72 (cb10bb07c0a5dac19a421f7cbfd002146e74aaed-refs/branch-heads/7680_65@{#24}) on port 56506
Only local connections are allowed.
Please see https://chromedriver.chromium.org/security-considerations for suggestions on keeping ChromeDriver safe.
ChromeDriver was started successfully on port 56506.
Starting ChromeDriver 146.0.7680.72 (cb10bb07c0a5dac19a421f7cbfd002146e74aaed-refs/branch-heads/7680_65@{#24}) on port 49264
Only local connections are allowed.
Please see https://chromedriver.chromium.org/security-considerations for suggestions on keeping ChromeDriver safe.
ChromeDriver was started successfully on port 49264.
Starting ChromeDriver 146.0.7680.72 (cb10bb07c0a5dac19a421f7cbfd002146e74aaed-refs/branch-heads/7680_65@{#24}) on port 57231
Only local connections are allowed.
Please see https://chromedriver.chromium.org/security-considerations for suggestions on keeping ChromeDriver safe.
ChromeDriver was started successfully on port 57231.
Starting ChromeDriver 146.0.7680.72 (cb10bb07c0a5dac19a421f7cbfd002146e74aaed-refs/branch-heads/7680_65@{#24}) on port 57228
Only local connections are allowed.
Please see https://chromedriver.chromium.org/security-considerations for suggestions on keeping ChromeDriver safe.
ChromeDriver was started successfully on port 57228.
Starting ChromeDriver 146.0.7680.72 (cb10bb07c0a5dac19a421f7cbfd002146e74aaed-refs/branch-heads/7680_65@{#24}) on port 55686
Only local connections are allowed.
Please see https://chromedriver.chromium.org/security-considerations for suggestions on keeping ChromeDriver safe.
ChromeDriver was started successfully on port 55686.
Starting ChromeDriver 146.0.7680.72 (cb10bb07c0a5dac19a421f7cbfd002146e74aaed-refs/branch-heads/7680_65@{#24}) on port 60058
Only local connections are allowed.
Please see https://chromedriver.chromium.org/security-considerations for suggestions on keeping ChromeDriver safe.
ChromeDriver was started successfully on port 60058.
Starting ChromeDriver 146.0.7680.72 (cb10bb07c0a5dac19a421f7cbfd002146e74aaed-refs/branch-heads/7680_65@{#24}) on port 55824
Only local connections are allowed.
Please see https://chromedriver.chromium.org/security-considerations for suggestions on keeping ChromeDriver safe.
ChromeDriver was started successfully on port 55824.
Starting ChromeDriver 146.0.7680.72 (cb10bb07c0a5dac19a421f7cbfd002146e74aaed-refs/branch-heads/7680_65@{#24}) on port 56660
Only local connections are allowed.
Please see https://chromedriver.chromium.org/security-considerations for suggestions on keeping ChromeDriver safe.
ChromeDriver was started successfully on port 56660.
Starting ChromeDriver 146.0.7680.72 (cb10bb07c0a5dac19a421f7cbfd002146e74aaed-refs/branch-heads/7680_65@{#24}) on port 60899
Only local connections are allowed.
Please see https://chromedriver.chromium.org/security-considerations for suggestions on keeping ChromeDriver safe.
ChromeDriver was started successfully on port 60899.
Starting ChromeDriver 146.0.7680.72 (cb10bb07c0a5dac19a421f7cbfd002146e74aaed-refs/branch-heads/7680_65@{#24}) on port 58086
Only local connections are allowed.
Please see https://chromedriver.chromium.org/security-considerations for suggestions on keeping ChromeDriver safe.
ChromeDriver was started successfully on port 58086.
Starting ChromeDriver 146.0.7680.72 (cb10bb07c0a5dac19a421f7cbfd002146e74aaed-refs/branch-heads/7680_65@{#24}) on port 56472
Only local connections are allowed.
Please see https://chromedriver.chromium.org/security-considerations for suggestions on keeping ChromeDriver safe.
ChromeDriver was started successfully on port 56472.
Starting ChromeDriver 146.0.7680.72 (cb10bb07c0a5dac19a421f7cbfd002146e74aaed-refs/branch-heads/7680_65@{#24}) on port 63696
Only local connections are allowed.
Please see https://chromedriver.chromium.org/security-considerations for suggestions on keeping ChromeDriver safe.
ChromeDriver was started successfully on port 63696.
Starting ChromeDriver 146.0.7680.72 (cb10bb07c0a5dac19a421f7cbfd002146e74aaed-refs/branch-heads/7680_65@{#24}) on port 55687
Only local connections are allowed.
Please see https://chromedriver.chromium.org/security-considerations for suggestions on keeping ChromeDriver safe.
ChromeDriver was started successfully on port 55687.
Starting ChromeDriver 146.0.7680.72 (cb10bb07c0a5dac19a421f7cbfd002146e74aaed-refs/branch-heads/7680_65@{#24}) on port 55000
Only local connections are allowed.
Please see https://chromedriver.chromium.org/security-considerations for suggestions on keeping ChromeDriver safe.
ChromeDriver was started successfully on port 55000.
Starting ChromeDriver 146.0.7680.72 (cb10bb07c0a5dac19a421f7cbfd002146e74aaed-refs/branch-heads/7680_65@{#24}) on port 57977
Only local connections are allowed.
Please see https://chromedriver.chromium.org/security-considerations for suggestions on keeping ChromeDriver safe.
ChromeDriver was started successfully on port 57977.
Starting ChromeDriver 146.0.7680.72 (cb10bb07c0a5dac19a421f7cbfd002146e74aaed-refs/branch-heads/7680_65@{#24}) on port 53217
Only local connections are allowed.
Please see https://chromedriver.chromium.org/security-considerations for suggestions on keeping ChromeDriver safe.
ChromeDriver was started successfully on port 53217.
Starting ChromeDriver 146.0.7680.72 (cb10bb07c0a5dac19a421f7cbfd002146e74aaed-refs/branch-heads/7680_65@{#24}) on port 52363
Only local connections are allowed.
Please see https://chromedriver.chromium.org/security-considerations for suggestions on keeping ChromeDriver safe.
ChromeDriver was started successfully on port 52363.
Starting ChromeDriver 146.0.7680.72 (cb10bb07c0a5dac19a421f7cbfd002146e74aaed-refs/branch-heads/7680_65@{#24}) on port 56214
Only local connections are allowed.
Please see https://chromedriver.chromium.org/security-considerations for suggestions on keeping ChromeDriver safe.
ChromeDriver was started successfully on port 56214.
Starting ChromeDriver 146.0.7680.72 (cb10bb07c0a5dac19a421f7cbfd002146e74aaed-refs/branch-heads/7680_65@{#24}) on port 57378
Only local connections are allowed.
Please see https://chromedriver.chromium.org/security-considerations for suggestions on keeping ChromeDriver safe.
ChromeDriver was started successfully on port 57378.
Starting ChromeDriver 146.0.7680.72 (cb10bb07c0a5dac19a421f7cbfd002146e74aaed-refs/branch-heads/7680_65@{#24}) on port 60479
Only local connections are allowed.
Please see https://chromedriver.chromium.org/security-considerations for suggestions on keeping ChromeDriver safe.
ChromeDriver was started successfully on port 60479.
Starting ChromeDriver 146.0.7680.72 (cb10bb07c0a5dac19a421f7cbfd002146e74aaed-refs/branch-heads/7680_65@{#24}) on port 52748
Only local connections are allowed.
Please see https://chromedriver.chromium.org/security-considerations for suggestions on keeping ChromeDriver safe.
ChromeDriver was started successfully on port 52748.
Starting ChromeDriver 146.0.7680.72 (cb10bb07c0a5dac19a421f7cbfd002146e74aaed-refs/branch-heads/7680_65@{#24}) on port 55758
Only local connections are allowed.
Please see https://chromedriver.chromium.org/security-considerations for suggestions on keeping ChromeDriver safe.
ChromeDriver was started successfully on port 55758.
Starting ChromeDriver 146.0.7680.72 (cb10bb07c0a5dac19a421f7cbfd002146e74aaed-refs/branch-heads/7680_65@{#24}) on port 52904
Only local connections are allowed.
Please see https://chromedriver.chromium.org/security-considerations for suggestions on keeping ChromeDriver safe.
ChromeDriver was started successfully on port 52904.
Starting ChromeDriver 146.0.7680.72 (cb10bb07c0a5dac19a421f7cbfd002146e74aaed-refs/branch-heads/7680_65@{#24}) on port 53791
Only local connections are allowed.
Please see https://chromedriver.chromium.org/security-considerations for suggestions on keeping ChromeDriver safe.
ChromeDriver was started successfully on port 53791.
Starting ChromeDriver 146.0.7680.72 (cb10bb07c0a5dac19a421f7cbfd002146e74aaed-refs/branch-heads/7680_65@{#24}) on port 49921
Only local connections are allowed.
Please see https://chromedriver.chromium.org/security-considerations for suggestions on keeping ChromeDriver safe.
ChromeDriver was started successfully on port 49921.
Starting ChromeDriver 146.0.7680.72 (cb10bb07c0a5dac19a421f7cbfd002146e74aaed-refs/branch-heads/7680_65@{#24}) on port 62605
Only local connections are allowed.
Please see https://chromedriver.chromium.org/security-considerations for suggestions on keeping ChromeDriver safe.
ChromeDriver was started successfully on port 62605.
Starting ChromeDriver 146.0.7680.72 (cb10bb07c0a5dac19a421f7cbfd002146e74aaed-refs/branch-heads/7680_65@{#24}) on port 64205
Only local connections are allowed.
Please see https://chromedriver.chromium.org/security-considerations for suggestions on keeping ChromeDriver safe.
ChromeDriver was started successfully on port 64205.
Starting ChromeDriver 146.0.7680.72 (cb10bb07c0a5dac19a421f7cbfd002146e74aaed-refs/branch-heads/7680_65@{#24}) on port 63377
Only local connections are allowed.
Please see https://chromedriver.chromium.org/security-considerations for suggestions on keeping ChromeDriver safe.
ChromeDriver was started successfully on port 63377.
Starting ChromeDriver 146.0.7680.72 (cb10bb07c0a5dac19a421f7cbfd002146e74aaed-refs/branch-heads/7680_65@{#24}) on port 65119
Only local connections are allowed.
Please see https://chromedriver.chromium.org/security-considerations for suggestions on keeping ChromeDriver safe.
ChromeDriver was started successfully on port 65119.
Starting ChromeDriver 146.0.7680.72 (cb10bb07c0a5dac19a421f7cbfd002146e74aaed-refs/branch-heads/7680_65@{#24}) on port 53790
Only local connections are allowed.
Please see https://chromedriver.chromium.org/security-considerations for suggestions on keeping ChromeDriver safe.
ChromeDriver was started successfully on port 53790.
Starting ChromeDriver 146.0.7680.72 (cb10bb07c0a5dac19a421f7cbfd002146e74aaed-refs/branch-heads/7680_65@{#24}) on port 51173
Only local connections are allowed.
Please see https://chromedriver.chromium.org/security-considerations for suggestions on keeping ChromeDriver safe.
ChromeDriver was started successfully on port 51173.
Starting ChromeDriver 146.0.7680.72 (cb10bb07c0a5dac19a421f7cbfd002146e74aaed-refs/branch-heads/7680_65@{#24}) on port 54726
Only local connections are allowed.
Please see https://chromedriver.chromium.org/security-considerations for suggestions on keeping ChromeDriver safe.
ChromeDriver was started successfully on port 54726.
Starting ChromeDriver 146.0.7680.72 (cb10bb07c0a5dac19a421f7cbfd002146e74aaed-refs/branch-heads/7680_65@{#24}) on port 64202
Only local connections are allowed.
Please see https://chromedriver.chromium.org/security-considerations for suggestions on keeping ChromeDriver safe.
ChromeDriver was started successfully on port 64202.
Starting ChromeDriver 146.0.7680.72 (cb10bb07c0a5dac19a421f7cbfd002146e74aaed-refs/branch-heads/7680_65@{#24}) on port 55779
Only local connections are allowed.
Please see https://chromedriver.chromium.org/security-considerations for suggestions on keeping ChromeDriver safe.
ChromeDriver was started successfully on port 55779.
Starting ChromeDriver 146.0.7680.72 (cb10bb07c0a5dac19a421f7cbfd002146e74aaed-refs/branch-heads/7680_65@{#24}) on port 49289
Only local connections are allowed.
Please see https://chromedriver.chromium.org/security-considerations for suggestions on keeping ChromeDriver safe.
ChromeDriver was started successfully on port 49289.
Starting ChromeDriver 146.0.7680.72 (cb10bb07c0a5dac19a421f7cbfd002146e74aaed-refs/branch-heads/7680_65@{#24}) on port 62366
Only local connections are allowed.
Please see https://chromedriver.chromium.org/security-considerations for suggestions on keeping ChromeDriver safe.
ChromeDriver was started successfully on port 62366.
Starting ChromeDriver 146.0.7680.72 (cb10bb07c0a5dac19a421f7cbfd002146e74aaed-refs/branch-heads/7680_65@{#24}) on port 58006
Only local connections are allowed.
Please see https://chromedriver.chromium.org/security-considerations for suggestions on keeping ChromeDriver safe.
ChromeDriver was started successfully on port 58006.
Starting ChromeDriver 146.0.7680.72 (cb10bb07c0a5dac19a421f7cbfd002146e74aaed-refs/branch-heads/7680_65@{#24}) on port 60901
Only local connections are allowed.
Please see https://chromedriver.chromium.org/security-considerations for suggestions on keeping ChromeDriver safe.
ChromeDriver was started successfully on port 60901.
Starting ChromeDriver 146.0.7680.72 (cb10bb07c0a5dac19a421f7cbfd002146e74aaed-refs/branch-heads/7680_65@{#24}) on port 52465
Only local connections are allowed.
Please see https://chromedriver.chromium.org/security-considerations for suggestions on keeping ChromeDriver safe.
ChromeDriver was started successfully on port 52465.
Starting ChromeDriver 146.0.7680.72 (cb10bb07c0a5dac19a421f7cbfd002146e74aaed-refs/branch-heads/7680_65@{#24}) on port 61982
Only local connections are allowed.
Please see https://chromedriver.chromium.org/security-considerations for suggestions on keeping ChromeDriver safe.
ChromeDriver was started successfully on port 61982.
Starting ChromeDriver 146.0.7680.72 (cb10bb07c0a5dac19a421f7cbfd002146e74aaed-refs/branch-heads/7680_65@{#24}) on port 64879
Only local connections are allowed.
Please see https://chromedriver.chromium.org/security-considerations for suggestions on keeping ChromeDriver safe.
ChromeDriver was started successfully on port 64879.
Starting ChromeDriver 146.0.7680.72 (cb10bb07c0a5dac19a421f7cbfd002146e74aaed-refs/branch-heads/7680_65@{#24}) on port 51096
Only local connections are allowed.
Please see https://chromedriver.chromium.org/security-considerations for suggestions on keeping ChromeDriver safe.
ChromeDriver was started successfully on port 51096.
Starting ChromeDriver 146.0.7680.72 (cb10bb07c0a5dac19a421f7cbfd002146e74aaed-refs/branch-heads/7680_65@{#24}) on port 63148
Only local connections are allowed.
Please see https://chromedriver.chromium.org/security-considerations for suggestions on keeping ChromeDriver safe.
ChromeDriver was started successfully on port 63148.
Starting ChromeDriver 146.0.7680.72 (cb10bb07c0a5dac19a421f7cbfd002146e74aaed-refs/branch-heads/7680_65@{#24}) on port 55458
Only local connections are allowed.
Please see https://chromedriver.chromium.org/security-considerations for suggestions on keeping ChromeDriver safe.
ChromeDriver was started successfully on port 55458.
Starting ChromeDriver 146.0.7680.72 (cb10bb07c0a5dac19a421f7cbfd002146e74aaed-refs/branch-heads/7680_65@{#24}) on port 52393
Only local connections are allowed.
Please see https://chromedriver.chromium.org/security-considerations for suggestions on keeping ChromeDriver safe.
ChromeDriver was started successfully on port 52393.
Starting ChromeDriver 146.0.7680.72 (cb10bb07c0a5dac19a421f7cbfd002146e74aaed-refs/branch-heads/7680_65@{#24}) on port 63954
Only local connections are allowed.
Please see https://chromedriver.chromium.org/security-considerations for suggestions on keeping ChromeDriver safe.
ChromeDriver was started successfully on port 63954.
Starting ChromeDriver 146.0.7680.72 (cb10bb07c0a5dac19a421f7cbfd002146e74aaed-refs/branch-heads/7680_65@{#24}) on port 52831
Only local connections are allowed.
Please see https://chromedriver.chromium.org/security-considerations for suggestions on keeping ChromeDriver safe.
ChromeDriver was started successfully on port 52831.
Starting ChromeDriver 146.0.7680.72 (cb10bb07c0a5dac19a421f7cbfd002146e74aaed-refs/branch-heads/7680_65@{#24}) on port 61569
Only local connections are allowed.
Please see https://chromedriver.chromium.org/security-considerations for suggestions on keeping ChromeDriver safe.
ChromeDriver was started successfully on port 61569.
Starting ChromeDriver 146.0.7680.72 (cb10bb07c0a5dac19a421f7cbfd002146e74aaed-refs/branch-heads/7680_65@{#24}) on port 62367
Only local connections are allowed.
Please see https://chromedriver.chromium.org/security-considerations for suggestions on keeping ChromeDriver safe.
ChromeDriver was started successfully on port 62367.
Starting ChromeDriver 146.0.7680.72 (cb10bb07c0a5dac19a421f7cbfd002146e74aaed-refs/branch-heads/7680_65@{#24}) on port 60649
Only local connections are allowed.
Please see https://chromedriver.chromium.org/security-considerations for suggestions on keeping ChromeDriver safe.
ChromeDriver was started successfully on port 60649.
Starting ChromeDriver 146.0.7680.72 (cb10bb07c0a5dac19a421f7cbfd002146e74aaed-refs/branch-heads/7680_65@{#24}) on port 51774
Only local connections are allowed.
Please see https://chromedriver.chromium.org/security-considerations for suggestions on keeping ChromeDriver safe.
ChromeDriver was started successfully on port 51774.
Starting ChromeDriver 146.0.7680.72 (cb10bb07c0a5dac19a421f7cbfd002146e74aaed-refs/branch-heads/7680_65@{#24}) on port 61588
Only local connections are allowed.
Please see https://chromedriver.chromium.org/security-considerations for suggestions on keeping ChromeDriver safe.
ChromeDriver was started successfully on port 61588.
Starting ChromeDriver 146.0.7680.72 (cb10bb07c0a5dac19a421f7cbfd002146e74aaed-refs/branch-heads/7680_65@{#24}) on port 61696
Only local connections are allowed.
Please see https://chromedriver.chromium.org/security-considerations for suggestions on keeping ChromeDriver safe.
ChromeDriver was started successfully on port 61696.
Starting ChromeDriver 146.0.7680.72 (cb10bb07c0a5dac19a421f7cbfd002146e74aaed-refs/branch-heads/7680_65@{#24}) on port 53876
Only local connections are allowed.
Please see https://chromedriver.chromium.org/security-considerations for suggestions on keeping ChromeDriver safe.
ChromeDriver was started successfully on port 53876.
Starting ChromeDriver 146.0.7680.72 (cb10bb07c0a5dac19a421f7cbfd002146e74aaed-refs/branch-heads/7680_65@{#24}) on port 59139
Only local connections are allowed.
Please see https://chromedriver.chromium.org/security-considerations for suggestions on keeping ChromeDriver safe.
ChromeDriver was started successfully on port 59139.
Starting ChromeDriver 146.0.7680.72 (cb10bb07c0a5dac19a421f7cbfd002146e74aaed-refs/branch-heads/7680_65@{#24}) on port 56765
Only local connections are allowed.
Please see https://chromedriver.chromium.org/security-considerations for suggestions on keeping ChromeDriver safe.
ChromeDriver was started successfully on port 56765.
Starting ChromeDriver 146.0.7680.72 (cb10bb07c0a5dac19a421f7cbfd002146e74aaed-refs/branch-heads/7680_65@{#24}) on port 53985
Only local connections are allowed.
Please see https://chromedriver.chromium.org/security-considerations for suggestions on keeping ChromeDriver safe.
ChromeDriver was started successfully on port 53985.
Starting ChromeDriver 146.0.7680.72 (cb10bb07c0a5dac19a421f7cbfd002146e74aaed-refs/branch-heads/7680_65@{#24}) on port 52163
Only local connections are allowed.
Please see https://chromedriver.chromium.org/security-considerations for suggestions on keeping ChromeDriver safe.
ChromeDriver was started successfully on port 52163.
Starting ChromeDriver 146.0.7680.72 (cb10bb07c0a5dac19a421f7cbfd002146e74aaed-refs/branch-heads/7680_65@{#24}) on port 52766
Only local connections are allowed.
Please see https://chromedriver.chromium.org/security-considerations for suggestions on keeping ChromeDriver safe.
ChromeDriver was started successfully on port 52766.
Starting ChromeDriver 146.0.7680.72 (cb10bb07c0a5dac19a421f7cbfd002146e74aaed-refs/branch-heads/7680_65@{#24}) on port 61492
Only local connections are allowed.
Please see https://chromedriver.chromium.org/security-considerations for suggestions on keeping ChromeDriver safe.
ChromeDriver was started successfully on port 61492.
Starting ChromeDriver 146.0.7680.72 (cb10bb07c0a5dac19a421f7cbfd002146e74aaed-refs/branch-heads/7680_65@{#24}) on port 62651
Only local connections are allowed.
Please see https://chromedriver.chromium.org/security-considerations for suggestions on keeping ChromeDriver safe.
ChromeDriver was started successfully on port 62651.
Starting ChromeDriver 146.0.7680.72 (cb10bb07c0a5dac19a421f7cbfd002146e74aaed-refs/branch-heads/7680_65@{#24}) on port 50505
Only local connections are allowed.
Please see https://chromedriver.chromium.org/security-considerations for suggestions on keeping ChromeDriver safe.
ChromeDriver was started successfully on port 50505.
Starting ChromeDriver 146.0.7680.72 (cb10bb07c0a5dac19a421f7cbfd002146e74aaed-refs/branch-heads/7680_65@{#24}) on port 61351
Only local connections are allowed.
Please see https://chromedriver.chromium.org/security-considerations for suggestions on keeping ChromeDriver safe.
ChromeDriver was started successfully on port 61351.
Starting ChromeDriver 146.0.7680.72 (cb10bb07c0a5dac19a421f7cbfd002146e74aaed-refs/branch-heads/7680_65@{#24}) on port 54845
Only local connections are allowed.
Please see https://chromedriver.chromium.org/security-considerations for suggestions on keeping ChromeDriver safe.
ChromeDriver was started successfully on port 54845.
Starting ChromeDriver 146.0.7680.72 (cb10bb07c0a5dac19a421f7cbfd002146e74aaed-refs/branch-heads/7680_65@{#24}) on port 53697
Only local connections are allowed.
Please see https://chromedriver.chromium.org/security-considerations for suggestions on keeping ChromeDriver safe.
ChromeDriver was started successfully on port 53697.
Starting ChromeDriver 146.0.7680.72 (cb10bb07c0a5dac19a421f7cbfd002146e74aaed-refs/branch-heads/7680_65@{#24}) on port 61259
Only local connections are allowed.
Please see https://chromedriver.chromium.org/security-considerations for suggestions on keeping ChromeDriver safe.
ChromeDriver was started successfully on port 61259.
Starting ChromeDriver 146.0.7680.72 (cb10bb07c0a5dac19a421f7cbfd002146e74aaed-refs/branch-heads/7680_65@{#24}) on port 49532
Only local connections are allowed.
Please see https://chromedriver.chromium.org/security-considerations for suggestions on keeping ChromeDriver safe.
ChromeDriver was started successfully on port 49532.
Starting ChromeDriver 146.0.7680.72 (cb10bb07c0a5dac19a421f7cbfd002146e74aaed-refs/branch-heads/7680_65@{#24}) on port 50669
Only local connections are allowed.
Please see https://chromedriver.chromium.org/security-considerations for suggestions on keeping ChromeDriver safe.
ChromeDriver was started successfully on port 50669.
Starting ChromeDriver 146.0.7680.72 (cb10bb07c0a5dac19a421f7cbfd002146e74aaed-refs/branch-heads/7680_65@{#24}) on port 57347
Only local connections are allowed.
Please see https://chromedriver.chromium.org/security-considerations for suggestions on keeping ChromeDriver safe.
ChromeDriver was started successfully on port 57347.
Starting ChromeDriver 146.0.7680.72 (cb10bb07c0a5dac19a421f7cbfd002146e74aaed-refs/branch-heads/7680_65@{#24}) on port 51550
Only local connections are allowed.
Please see https://chromedriver.chromium.org/security-considerations for suggestions on keeping ChromeDriver safe.
ChromeDriver was started successfully on port 51550.
Starting ChromeDriver 146.0.7680.72 (cb10bb07c0a5dac19a421f7cbfd002146e74aaed-refs/branch-heads/7680_65@{#24}) on port 61703
Only local connections are allowed.
Please see https://chromedriver.chromium.org/security-considerations for suggestions on keeping ChromeDriver safe.
ChromeDriver was started successfully on port 61703.
Starting ChromeDriver 146.0.7680.72 (cb10bb07c0a5dac19a421f7cbfd002146e74aaed-refs/branch-heads/7680_65@{#24}) on port 52694
Only local connections are allowed.
Please see https://chromedriver.chromium.org/security-considerations for suggestions on keeping ChromeDriver safe.
ChromeDriver was started successfully on port 52694.
Starting ChromeDriver 146.0.7680.72 (cb10bb07c0a5dac19a421f7cbfd002146e74aaed-refs/branch-heads/7680_65@{#24}) on port 50174
Only local connections are allowed.
Please see https://chromedriver.chromium.org/security-considerations for suggestions on keeping ChromeDriver safe.
ChromeDriver was started successfully on port 50174.
Starting ChromeDriver 146.0.7680.72 (cb10bb07c0a5dac19a421f7cbfd002146e74aaed-refs/branch-heads/7680_65@{#24}) on port 63518
Only local connections are allowed.
Please see https://chromedriver.chromium.org/security-considerations for suggestions on keeping ChromeDriver safe.
ChromeDriver was started successfully on port 63518.
Starting ChromeDriver 146.0.7680.72 (cb10bb07c0a5dac19a421f7cbfd002146e74aaed-refs/branch-heads/7680_65@{#24}) on port 56529
Only local connections are allowed.
Please see https://chromedriver.chromium.org/security-considerations for suggestions on keeping ChromeDriver safe.
ChromeDriver was started successfully on port 56529.
Starting ChromeDriver 146.0.7680.72 (cb10bb07c0a5dac19a421f7cbfd002146e74aaed-refs/branch-heads/7680_65@{#24}) on port 58228
Only local connections are allowed.
Please see https://chromedriver.chromium.org/security-considerations for suggestions on keeping ChromeDriver safe.
ChromeDriver was started successfully on port 58228.
Starting ChromeDriver 146.0.7680.72 (cb10bb07c0a5dac19a421f7cbfd002146e74aaed-refs/branch-heads/7680_65@{#24}) on port 53699
Only local connections are allowed.
Please see https://chromedriver.chromium.org/security-considerations for suggestions on keeping ChromeDriver safe.
ChromeDriver was started successfully on port 53699.
Starting ChromeDriver 146.0.7680.72 (cb10bb07c0a5dac19a421f7cbfd002146e74aaed-refs/branch-heads/7680_65@{#24}) on port 51534
Only local connections are allowed.
Please see https://chromedriver.chromium.org/security-considerations for suggestions on keeping ChromeDriver safe.
ChromeDriver was started successfully on port 51534.
Starting ChromeDriver 146.0.7680.72 (cb10bb07c0a5dac19a421f7cbfd002146e74aaed-refs/branch-heads/7680_65@{#24}) on port 58609
Only local connections are allowed.
Please see https://chromedriver.chromium.org/security-considerations for suggestions on keeping ChromeDriver safe.
ChromeDriver was started successfully on port 58609.
Starting ChromeDriver 146.0.7680.72 (cb10bb07c0a5dac19a421f7cbfd002146e74aaed-refs/branch-heads/7680_65@{#24}) on port 51941
Only local connections are allowed.
Please see https://chromedriver.chromium.org/security-considerations for suggestions on keeping ChromeDriver safe.
ChromeDriver was started successfully on port 51941.
Starting ChromeDriver 146.0.7680.72 (cb10bb07c0a5dac19a421f7cbfd002146e74aaed-refs/branch-heads/7680_65@{#24}) on port 60361
Only local connections are allowed.
Please see https://chromedriver.chromium.org/security-considerations for suggestions on keeping ChromeDriver safe.
ChromeDriver was started successfully on port 60361.
Starting ChromeDriver 146.0.7680.72 (cb10bb07c0a5dac19a421f7cbfd002146e74aaed-refs/branch-heads/7680_65@{#24}) on port 62513
Only local connections are allowed.
Please see https://chromedriver.chromium.org/security-considerations for suggestions on keeping ChromeDriver safe.
ChromeDriver was started successfully on port 62513.
Starting ChromeDriver 146.0.7680.72 (cb10bb07c0a5dac19a421f7cbfd002146e74aaed-refs/branch-heads/7680_65@{#24}) on port 63777
Only local connections are allowed.
Please see https://chromedriver.chromium.org/security-considerations for suggestions on keeping ChromeDriver safe.
ChromeDriver was started successfully on port 63777.
Starting ChromeDriver 146.0.7680.72 (cb10bb07c0a5dac19a421f7cbfd002146e74aaed-refs/branch-heads/7680_65@{#24}) on port 53753
Only local connections are allowed.
Please see https://chromedriver.chromium.org/security-considerations for suggestions on keeping ChromeDriver safe.
ChromeDriver was started successfully on port 53753.
Starting ChromeDriver 146.0.7680.72 (cb10bb07c0a5dac19a421f7cbfd002146e74aaed-refs/branch-heads/7680_65@{#24}) on port 58446
Only local connections are allowed.
Please see https://chromedriver.chromium.org/security-considerations for suggestions on keeping ChromeDriver safe.
ChromeDriver was started successfully on port 58446.
Starting ChromeDriver 146.0.7680.72 (cb10bb07c0a5dac19a421f7cbfd002146e74aaed-refs/branch-heads/7680_65@{#24}) on port 61426
Only local connections are allowed.
Please see https://chromedriver.chromium.org/security-considerations for suggestions on keeping ChromeDriver safe.
ChromeDriver was started successfully on port 61426.
Starting ChromeDriver 146.0.7680.72 (cb10bb07c0a5dac19a421f7cbfd002146e74aaed-refs/branch-heads/7680_65@{#24}) on port 53132
Only local connections are allowed.
Please see https://chromedriver.chromium.org/security-considerations for suggestions on keeping ChromeDriver safe.
ChromeDriver was started successfully on port 53132.
Starting ChromeDriver 146.0.7680.72 (cb10bb07c0a5dac19a421f7cbfd002146e74aaed-refs/branch-heads/7680_65@{#24}) on port 57391
Only local connections are allowed.
Please see https://chromedriver.chromium.org/security-considerations for suggestions on keeping ChromeDriver safe.
ChromeDriver was started successfully on port 57391.
Starting ChromeDriver 146.0.7680.72 (cb10bb07c0a5dac19a421f7cbfd002146e74aaed-refs/branch-heads/7680_65@{#24}) on port 63952
Only local connections are allowed.
Please see https://chromedriver.chromium.org/security-considerations for suggestions on keeping ChromeDriver safe.
ChromeDriver was started successfully on port 63952.
Starting ChromeDriver 146.0.7680.72 (cb10bb07c0a5dac19a421f7cbfd002146e74aaed-refs/branch-heads/7680_65@{#24}) on port 62723
Only local connections are allowed.
Please see https://chromedriver.chromium.org/security-considerations for suggestions on keeping ChromeDriver safe.
ChromeDriver was started successfully on port 62723.
Starting ChromeDriver 146.0.7680.72 (cb10bb07c0a5dac19a421f7cbfd002146e74aaed-refs/branch-heads/7680_65@{#24}) on port 56084
Only local connections are allowed.
Please see https://chromedriver.chromium.org/security-considerations for suggestions on keeping ChromeDriver safe.
ChromeDriver was started successfully on port 56084.
Starting ChromeDriver 146.0.7680.72 (cb10bb07c0a5dac19a421f7cbfd002146e74aaed-refs/branch-heads/7680_65@{#24}) on port 51413
Only local connections are allowed.
Please see https://chromedriver.chromium.org/security-considerations for suggestions on keeping ChromeDriver safe.
ChromeDriver was started successfully on port 51413.
Starting ChromeDriver 146.0.7680.72 (cb10bb07c0a5dac19a421f7cbfd002146e74aaed-refs/branch-heads/7680_65@{#24}) on port 55803
Only local connections are allowed.
Please see https://chromedriver.chromium.org/security-considerations for suggestions on keeping ChromeDriver safe.
ChromeDriver was started successfully on port 55803.
Starting ChromeDriver 146.0.7680.72 (cb10bb07c0a5dac19a421f7cbfd002146e74aaed-refs/branch-heads/7680_65@{#24}) on port 63900
Only local connections are allowed.
Please see https://chromedriver.chromium.org/security-considerations for suggestions on keeping ChromeDriver safe.
ChromeDriver was started successfully on port 63900.
Starting ChromeDriver 146.0.7680.72 (cb10bb07c0a5dac19a421f7cbfd002146e74aaed-refs/branch-heads/7680_65@{#24}) on port 49610
Only local connections are allowed.
Please see https://chromedriver.chromium.org/security-considerations for suggestions on keeping ChromeDriver safe.
ChromeDriver was started successfully on port 49610.
Starting ChromeDriver 146.0.7680.72 (cb10bb07c0a5dac19a421f7cbfd002146e74aaed-refs/branch-heads/7680_65@{#24}) on port 64885
Only local connections are allowed.
Please see https://chromedriver.chromium.org/security-considerations for suggestions on keeping ChromeDriver safe.
ChromeDriver was started successfully on port 64885.
Starting ChromeDriver 146.0.7680.72 (cb10bb07c0a5dac19a421f7cbfd002146e74aaed-refs/branch-heads/7680_65@{#24}) on port 51179
Only local connections are allowed.
Please see https://chromedriver.chromium.org/security-considerations for suggestions on keeping ChromeDriver safe.
ChromeDriver was started successfully on port 51179.
Starting ChromeDriver 146.0.7680.72 (cb10bb07c0a5dac19a421f7cbfd002146e74aaed-refs/branch-heads/7680_65@{#24}) on port 60227
Only local connections are allowed.
Please see https://chromedriver.chromium.org/security-considerations for suggestions on keeping ChromeDriver safe.
ChromeDriver was started successfully on port 60227.
Starting ChromeDriver 146.0.7680.72 (cb10bb07c0a5dac19a421f7cbfd002146e74aaed-refs/branch-heads/7680_65@{#24}) on port 54059
Only local connections are allowed.
Please see https://chromedriver.chromium.org/security-considerations for suggestions on keeping ChromeDriver safe.
ChromeDriver was started successfully on port 54059.
Starting ChromeDriver 146.0.7680.72 (cb10bb07c0a5dac19a421f7cbfd002146e74aaed-refs/branch-heads/7680_65@{#24}) on port 57943
Only local connections are allowed.
Please see https://chromedriver.chromium.org/security-considerations for suggestions on keeping ChromeDriver safe.
ChromeDriver was started successfully on port 57943.
Starting ChromeDriver 146.0.7680.72 (cb10bb07c0a5dac19a421f7cbfd002146e74aaed-refs/branch-heads/7680_65@{#24}) on port 53212
Only local connections are allowed.
Please see https://chromedriver.chromium.org/security-considerations for suggestions on keeping ChromeDriver safe.
ChromeDriver was started successfully on port 53212.
Starting ChromeDriver 146.0.7680.72 (cb10bb07c0a5dac19a421f7cbfd002146e74aaed-refs/branch-heads/7680_65@{#24}) on port 51684
Only local connections are allowed.
Please see https://chromedriver.chromium.org/security-considerations for suggestions on keeping ChromeDriver safe.
ChromeDriver was started successfully on port 51684.
Starting ChromeDriver 146.0.7680.72 (cb10bb07c0a5dac19a421f7cbfd002146e74aaed-refs/branch-heads/7680_65@{#24}) on port 53966
Only local connections are allowed.
Please see https://chromedriver.chromium.org/security-considerations for suggestions on keeping ChromeDriver safe.
ChromeDriver was started successfully on port 53966.
Starting ChromeDriver 146.0.7680.72 (cb10bb07c0a5dac19a421f7cbfd002146e74aaed-refs/branch-heads/7680_65@{#24}) on port 57016
Only local connections are allowed.
Please see https://chromedriver.chromium.org/security-considerations for suggestions on keeping ChromeDriver safe.
ChromeDriver was started successfully on port 57016.
Starting ChromeDriver 146.0.7680.72 (cb10bb07c0a5dac19a421f7cbfd002146e74aaed-refs/branch-heads/7680_65@{#24}) on port 62831
Only local connections are allowed.
Please see https://chromedriver.chromium.org/security-considerations for suggestions on keeping ChromeDriver safe.
ChromeDriver was started successfully on port 62831.
Starting ChromeDriver 146.0.7680.72 (cb10bb07c0a5dac19a421f7cbfd002146e74aaed-refs/branch-heads/7680_65@{#24}) on port 52722
Only local connections are allowed.
Please see https://chromedriver.chromium.org/security-considerations for suggestions on keeping ChromeDriver safe.
ChromeDriver was started successfully on port 52722.
Starting ChromeDriver 146.0.7680.72 (cb10bb07c0a5dac19a421f7cbfd002146e74aaed-refs/branch-heads/7680_65@{#24}) on port 58706
Only local connections are allowed.
Please see https://chromedriver.chromium.org/security-considerations for suggestions on keeping ChromeDriver safe.
ChromeDriver was started successfully on port 58706.
Starting ChromeDriver 146.0.7680.72 (cb10bb07c0a5dac19a421f7cbfd002146e74aaed-refs/branch-heads/7680_65@{#24}) on port 56930
Only local connections are allowed.
Please see https://chromedriver.chromium.org/security-considerations for suggestions on keeping ChromeDriver safe.
ChromeDriver was started successfully on port 56930.
Starting ChromeDriver 146.0.7680.72 (cb10bb07c0a5dac19a421f7cbfd002146e74aaed-refs/branch-heads/7680_65@{#24}) on port 51926
Only local connections are allowed.
Please see https://chromedriver.chromium.org/security-considerations for suggestions on keeping ChromeDriver safe.
ChromeDriver was started successfully on port 51926.
Starting ChromeDriver 146.0.7680.72 (cb10bb07c0a5dac19a421f7cbfd002146e74aaed-refs/branch-heads/7680_65@{#24}) on port 55115
Only local connections are allowed.
Please see https://chromedriver.chromium.org/security-considerations for suggestions on keeping ChromeDriver safe.
ChromeDriver was started successfully on port 55115.
Starting ChromeDriver 146.0.7680.72 (cb10bb07c0a5dac19a421f7cbfd002146e74aaed-refs/branch-heads/7680_65@{#24}) on port 65421
Only local connections are allowed.
Please see https://chromedriver.chromium.org/security-considerations for suggestions on keeping ChromeDriver safe.
ChromeDriver was started successfully on port 65421.
Starting ChromeDriver 146.0.7680.72 (cb10bb07c0a5dac19a421f7cbfd002146e74aaed-refs/branch-heads/7680_65@{#24}) on port 65179
Only local connections are allowed.
Please see https://chromedriver.chromium.org/security-considerations for suggestions on keeping ChromeDriver safe.
ChromeDriver was started successfully on port 65179.
Starting ChromeDriver 146.0.7680.72 (cb10bb07c0a5dac19a421f7cbfd002146e74aaed-refs/branch-heads/7680_65@{#24}) on port 61410
Only local connections are allowed.
Please see https://chromedriver.chromium.org/security-considerations for suggestions on keeping ChromeDriver safe.
ChromeDriver was started successfully on port 61410.
Starting ChromeDriver 146.0.7680.72 (cb10bb07c0a5dac19a421f7cbfd002146e74aaed-refs/branch-heads/7680_65@{#24}) on port 60604
Only local connections are allowed.
Please see https://chromedriver.chromium.org/security-considerations for suggestions on keeping ChromeDriver safe.
ChromeDriver was started successfully on port 60604.
Starting ChromeDriver 146.0.7680.72 (cb10bb07c0a5dac19a421f7cbfd002146e74aaed-refs/branch-heads/7680_65@{#24}) on port 52823
Only local connections are allowed.
Please see https://chromedriver.chromium.org/security-considerations for suggestions on keeping ChromeDriver safe.
ChromeDriver was started successfully on port 52823.
Starting ChromeDriver 146.0.7680.72 (cb10bb07c0a5dac19a421f7cbfd002146e74aaed-refs/branch-heads/7680_65@{#24}) on port 50500
Only local connections are allowed.
Please see https://chromedriver.chromium.org/security-considerations for suggestions on keeping ChromeDriver safe.
ChromeDriver was started successfully on port 50500.
Starting ChromeDriver 146.0.7680.72 (cb10bb07c0a5dac19a421f7cbfd002146e74aaed-refs/branch-heads/7680_65@{#24}) on port 63950
Only local connections are allowed.
Please see https://chromedriver.chromium.org/security-considerations for suggestions on keeping ChromeDriver safe.
ChromeDriver was started successfully on port 63950.
Starting ChromeDriver 146.0.7680.72 (cb10bb07c0a5dac19a421f7cbfd002146e74aaed-refs/branch-heads/7680_65@{#24}) on port 57258
Only local connections are allowed.
Please see https://chromedriver.chromium.org/security-considerations for suggestions on keeping ChromeDriver safe.
ChromeDriver was started successfully on port 57258.
Starting ChromeDriver 146.0.7680.72 (cb10bb07c0a5dac19a421f7cbfd002146e74aaed-refs/branch-heads/7680_65@{#24}) on port 60828
Only local connections are allowed.
Please see https://chromedriver.chromium.org/security-considerations for suggestions on keeping ChromeDriver safe.
ChromeDriver was started successfully on port 60828.
Starting ChromeDriver 146.0.7680.72 (cb10bb07c0a5dac19a421f7cbfd002146e74aaed-refs/branch-heads/7680_65@{#24}) on port 62821
Only local connections are allowed.
Please see https://chromedriver.chromium.org/security-considerations for suggestions on keeping ChromeDriver safe.
ChromeDriver was started successfully on port 62821.
Starting ChromeDriver 146.0.7680.72 (cb10bb07c0a5dac19a421f7cbfd002146e74aaed-refs/branch-heads/7680_65@{#24}) on port 58071
Only local connections are allowed.
Please see https://chromedriver.chromium.org/security-considerations for suggestions on keeping ChromeDriver safe.
ChromeDriver was started successfully on port 58071.
Starting ChromeDriver 146.0.7680.72 (cb10bb07c0a5dac19a421f7cbfd002146e74aaed-refs/branch-heads/7680_65@{#24}) on port 61619
Only local connections are allowed.
Please see https://chromedriver.chromium.org/security-considerations for suggestions on keeping ChromeDriver safe.
ChromeDriver was started successfully on port 61619.
Starting ChromeDriver 146.0.7680.72 (cb10bb07c0a5dac19a421f7cbfd002146e74aaed-refs/branch-heads/7680_65@{#24}) on port 56643
Only local connections are allowed.
Please see https://chromedriver.chromium.org/security-considerations for suggestions on keeping ChromeDriver safe.
ChromeDriver was started successfully on port 56643.
Starting ChromeDriver 146.0.7680.72 (cb10bb07c0a5dac19a421f7cbfd002146e74aaed-refs/branch-heads/7680_65@{#24}) on port 54973
Only local connections are allowed.
Please see https://chromedriver.chromium.org/security-considerations for suggestions on keeping ChromeDriver safe.
ChromeDriver was started successfully on port 54973.
Starting ChromeDriver 146.0.7680.72 (cb10bb07c0a5dac19a421f7cbfd002146e74aaed-refs/branch-heads/7680_65@{#24}) on port 56976
Only local connections are allowed.
Please see https://chromedriver.chromium.org/security-considerations for suggestions on keeping ChromeDriver safe.
ChromeDriver was started successfully on port 56976.
Starting ChromeDriver 146.0.7680.72 (cb10bb07c0a5dac19a421f7cbfd002146e74aaed-refs/branch-heads/7680_65@{#24}) on port 55923
Only local connections are allowed.
Please see https://chromedriver.chromium.org/security-considerations for suggestions on keeping ChromeDriver safe.
ChromeDriver was started successfully on port 55923.
Starting ChromeDriver 146.0.7680.72 (cb10bb07c0a5dac19a421f7cbfd002146e74aaed-refs/branch-heads/7680_65@{#24}) on port 62422
Only local connections are allowed.
Please see https://chromedriver.chromium.org/security-considerations for suggestions on keeping ChromeDriver safe.
ChromeDriver was started successfully on port 62422.
Starting ChromeDriver 146.0.7680.72 (cb10bb07c0a5dac19a421f7cbfd002146e74aaed-refs/branch-heads/7680_65@{#24}) on port 60271
Only local connections are allowed.
Please see https://chromedriver.chromium.org/security-considerations for suggestions on keeping ChromeDriver safe.
ChromeDriver was started successfully on port 60271.
Starting ChromeDriver 146.0.7680.72 (cb10bb07c0a5dac19a421f7cbfd002146e74aaed-refs/branch-heads/7680_65@{#24}) on port 58321
Only local connections are allowed.
Please see https://chromedriver.chromium.org/security-considerations for suggestions on keeping ChromeDriver safe.
ChromeDriver was started successfully on port 58321.
Starting ChromeDriver 146.0.7680.72 (cb10bb07c0a5dac19a421f7cbfd002146e74aaed-refs/branch-heads/7680_65@{#24}) on port 62888
Only local connections are allowed.
Please see https://chromedriver.chromium.org/security-considerations for suggestions on keeping ChromeDriver safe.
ChromeDriver was started successfully on port 62888.
Starting ChromeDriver 146.0.7680.72 (cb10bb07c0a5dac19a421f7cbfd002146e74aaed-refs/branch-heads/7680_65@{#24}) on port 50777
Only local connections are allowed.
Please see https://chromedriver.chromium.org/security-considerations for suggestions on keeping ChromeDriver safe.
ChromeDriver was started successfully on port 50777.
Starting ChromeDriver 146.0.7680.72 (cb10bb07c0a5dac19a421f7cbfd002146e74aaed-refs/branch-heads/7680_65@{#24}) on port 60369
Only local connections are allowed.
Please see https://chromedriver.chromium.org/security-considerations for suggestions on keeping ChromeDriver safe.
ChromeDriver was started successfully on port 60369.
Starting ChromeDriver 146.0.7680.72 (cb10bb07c0a5dac19a421f7cbfd002146e74aaed-refs/branch-heads/7680_65@{#24}) on port 49176
Only local connections are allowed.
Please see https://chromedriver.chromium.org/security-considerations for suggestions on keeping ChromeDriver safe.
ChromeDriver was started successfully on port 49176.
Starting ChromeDriver 146.0.7680.72 (cb10bb07c0a5dac19a421f7cbfd002146e74aaed-refs/branch-heads/7680_65@{#24}) on port 52162
Only local connections are allowed.
Please see https://chromedriver.chromium.org/security-considerations for suggestions on keeping ChromeDriver safe.
ChromeDriver was started successfully on port 52162.
Starting ChromeDriver 146.0.7680.72 (cb10bb07c0a5dac19a421f7cbfd002146e74aaed-refs/branch-heads/7680_65@{#24}) on port 50669
Only local connections are allowed.
Please see https://chromedriver.chromium.org/security-considerations for suggestions on keeping ChromeDriver safe.
ChromeDriver was started successfully on port 50669.
Starting ChromeDriver 146.0.7680.72 (cb10bb07c0a5dac19a421f7cbfd002146e74aaed-refs/branch-heads/7680_65@{#24}) on port 51517
Only local connections are allowed.
Please see https://chromedriver.chromium.org/security-considerations for suggestions on keeping ChromeDriver safe.
ChromeDriver was started successfully on port 51517.
Starting ChromeDriver 146.0.7680.72 (cb10bb07c0a5dac19a421f7cbfd002146e74aaed-refs/branch-heads/7680_65@{#24}) on port 56473
Only local connections are allowed.
Please see https://chromedriver.chromium.org/security-considerations for suggestions on keeping ChromeDriver safe.
ChromeDriver was started successfully on port 56473.
Starting ChromeDriver 146.0.7680.72 (cb10bb07c0a5dac19a421f7cbfd002146e74aaed-refs/branch-heads/7680_65@{#24}) on port 49301
Only local connections are allowed.
Please see https://chromedriver.chromium.org/security-considerations for suggestions on keeping ChromeDriver safe.
ChromeDriver was started successfully on port 49301.
Starting ChromeDriver 146.0.7680.72 (cb10bb07c0a5dac19a421f7cbfd002146e74aaed-refs/branch-heads/7680_65@{#24}) on port 56434
Only local connections are allowed.
Please see https://chromedriver.chromium.org/security-considerations for suggestions on keeping ChromeDriver safe.
ChromeDriver was started successfully on port 56434.
Starting ChromeDriver 146.0.7680.72 (cb10bb07c0a5dac19a421f7cbfd002146e74aaed-refs/branch-heads/7680_65@{#24}) on port 53319
Only local connections are allowed.
Please see https://chromedriver.chromium.org/security-considerations for suggestions on keeping ChromeDriver safe.
ChromeDriver was started successfully on port 53319.
Starting ChromeDriver 146.0.7680.72 (cb10bb07c0a5dac19a421f7cbfd002146e74aaed-refs/branch-heads/7680_65@{#24}) on port 57631
Only local connections are allowed.
Please see https://chromedriver.chromium.org/security-considerations for suggestions on keeping ChromeDriver safe.
ChromeDriver was started successfully on port 57631.
Starting ChromeDriver 146.0.7680.72 (cb10bb07c0a5dac19a421f7cbfd002146e74aaed-refs/branch-heads/7680_65@{#24}) on port 53909
Only local connections are allowed.
Please see https://chromedriver.chromium.org/security-considerations for suggestions on keeping ChromeDriver safe.
ChromeDriver was started successfully on port 53909.
Starting ChromeDriver 146.0.7680.72 (cb10bb07c0a5dac19a421f7cbfd002146e74aaed-refs/branch-heads/7680_65@{#24}) on port 49694
Only local connections are allowed.
Please see https://chromedriver.chromium.org/security-considerations for suggestions on keeping ChromeDriver safe.
ChromeDriver was started successfully on port 49694.
Starting ChromeDriver 146.0.7680.72 (cb10bb07c0a5dac19a421f7cbfd002146e74aaed-refs/branch-heads/7680_65@{#24}) on port 50440
Only local connections are allowed.
Please see https://chromedriver.chromium.org/security-considerations for suggestions on keeping ChromeDriver safe.
ChromeDriver was started successfully on port 50440.
Starting ChromeDriver 146.0.7680.72 (cb10bb07c0a5dac19a421f7cbfd002146e74aaed-refs/branch-heads/7680_65@{#24}) on port 57116
Only local connections are allowed.
Please see https://chromedriver.chromium.org/security-considerations for suggestions on keeping ChromeDriver safe.
ChromeDriver was started successfully on port 57116.
Starting ChromeDriver 146.0.7680.72 (cb10bb07c0a5dac19a421f7cbfd002146e74aaed-refs/branch-heads/7680_65@{#24}) on port 53131
Only local connections are allowed.
Please see https://chromedriver.chromium.org/security-considerations for suggestions on keeping ChromeDriver safe.
ChromeDriver was started successfully on port 53131.
